Performing C++ SOURCE FILE Test CMAKE_HAVE_LIBC_PTHREAD failed with the following output:
Change Dir: /home/hirofine/Documents/Japonais/app/build-AppHiragana-Qt6-Debug/CMakeFiles/CMakeScratch/TryCompile-5oijbY

Run Build Command(s):/usr/bin/ninja cmTC_1cd29 && [1/2] Building CXX object CMakeFiles/cmTC_1cd29.dir/src.cxx.o
[2/2] Linking CXX executable cmTC_1cd29
FAILED: cmTC_1cd29 
: && /usr/bin/g++ -DQT_QML_DEBUG  CMakeFiles/cmTC_1cd29.dir/src.cxx.o -o cmTC_1cd29   && :
/usr/lib/gcc/x86_64-unknown-linux-gnu/11.3.0/../../../../x86_64-unknown-linux-gnu/bin/ld : CMakeFiles/cmTC_1cd29.dir/src.cxx.o : dans la fonction « main » :
src.cxx:(.text+0x3e) : référence indéfinie vers « pthread_create »
/usr/lib/gcc/x86_64-unknown-linux-gnu/11.3.0/../../../../x86_64-unknown-linux-gnu/bin/ld : src.cxx:(.text+0x4a) : référence indéfinie vers « pthread_detach »
/usr/lib/gcc/x86_64-unknown-linux-gnu/11.3.0/../../../../x86_64-unknown-linux-gnu/bin/ld : src.cxx:(.text+0x56) : référence indéfinie vers « pthread_cancel »
/usr/lib/gcc/x86_64-unknown-linux-gnu/11.3.0/../../../../x86_64-unknown-linux-gnu/bin/ld : src.cxx:(.text+0x67) : référence indéfinie vers « pthread_join »
collect2: erreur: ld a retourné le statut de sortie 1
ninja: build stopped: subcommand failed.


Source file was:
#include <pthread.h>

static void* test_func(void* data)
{
  return data;
}

int main(void)
{
  pthread_t thread;
  pthread_create(&thread, NULL, test_func, NULL);
  pthread_detach(thread);
  pthread_cancel(thread);
  pthread_join(thread, NULL);
  pthread_atfork(NULL, NULL, NULL);
  pthread_exit(NULL);

  return 0;
}


